2015-06-24 12:37:52.193 [error] <0.79.0> gen_server mc_w_manager terminated with reason: call to undefined function lager:info/1 from mc_w_manager:handle_info/2 line 106
2015-06-24 12:37:52.193 [error] <0.79.0> CRASH REPORT Process mc_w_manager with 0 neighbours exited with reason: call to undefined function lager:info("recycle: no need~n") in gen_server:terminate/7 line 804
2015-06-24 12:37:52.193 [error] <0.77.0> Supervisor emcp_sup had child mc_w_manager started with mc_w_manager:start_link(10) at <0.79.0> exit with reason call to undefined function lager:info("recycle: no need~n") in context child_terminated
2015-06-24 12:38:02.211 [error] <0.103.0> gen_server mc_w_manager terminated with reason: call to undefined function lager:info/2 from mc_w_manager:handle_info/2 line 97
2015-06-24 12:38:02.211 [error] <0.103.0> CRASH REPORT Process mc_w_manager with 0 neighbours exited with reason: call to undefined function lager:info("recycle: kill ~p workers~n", [5]) in gen_server:terminate/7 line 804
2015-06-24 12:38:02.211 [error] <0.77.0> Supervisor emcp_sup had child mc_w_manager started with mc_w_manager:start_link(10) at <0.103.0> exit with reason call to undefined function lager:info("recycle: kill ~p workers~n", [5]) in context child_terminated
2015-06-24 14:27:17.405 [error] <0.83.0> Supervisor mc_w_sup had child mc_w started with {mc_w,start_link,undefined} at <0.85.0> exit with reason killed in context child_terminated
2015-06-24 14:27:17.406 [error] <0.83.0> Supervisor mc_w_sup had child mc_w started with {mc_w,start_link,undefined} at <0.101.0> exit with reason killed in context child_terminated
2015-06-24 14:27:17.408 [error] <0.83.0> Supervisor mc_w_sup had child mc_w started with {mc_w,start_link,undefined} at <0.89.0> exit with reason killed in context child_terminated
2015-06-24 14:27:17.408 [error] <0.83.0> Supervisor mc_w_sup had child mc_w started with {mc_w,start_link,undefined} at <0.91.0> exit with reason killed in context child_terminated
2015-06-24 14:27:17.409 [error] <0.83.0> Supervisor mc_w_sup had child mc_w started with {mc_w,start_link,undefined} at <0.93.0> exit with reason killed in context child_terminated
2015-06-24 14:27:17.409 [error] <0.83.0> Supervisor mc_w_sup had child mc_w started with {mc_w,start_link,undefined} at <0.95.0> exit with reason killed in context child_terminated
2015-06-24 14:27:17.410 [error] <0.83.0> Supervisor mc_w_sup had child mc_w started with {mc_w,start_link,undefined} at <0.97.0> exit with reason killed in context child_terminated
2015-06-24 14:27:17.412 [error] <0.83.0> Supervisor mc_w_sup had child mc_w started with {mc_w,start_link,undefined} at <0.99.0> exit with reason killed in context child_terminated
2015-06-24 14:27:17.412 [error] <0.83.0> Supervisor mc_w_sup had child mc_w started with {mc_w,start_link,undefined} at <0.103.0> exit with reason killed in context child_terminated
2015-06-24 14:27:17.413 [error] <0.83.0> Supervisor mc_w_sup had child mc_w started with {mc_w,start_link,undefined} at <0.105.0> exit with reason killed in context child_terminated
2015-06-24 14:27:17.415 [error] <0.83.0> Supervisor mc_w_sup had child mc_w started with {mc_w,start_link,undefined} at <0.320.0> exit with reason killed in context child_terminated
2015-06-24 14:27:17.416 [error] <0.83.0> Supervisor mc_w_sup had child mc_w started with {mc_w,start_link,undefined} at <0.326.0> exit with reason killed in context child_terminated
2015-06-24 14:27:17.416 [error] <0.83.0> Supervisor mc_w_sup had child mc_w started with {mc_w,start_link,undefined} at <0.334.0> exit with reason killed in context child_terminated
2015-06-24 14:27:17.416 [error] <0.83.0> Supervisor mc_w_sup had child mc_w started with {mc_w,start_link,undefined} at <0.339.0> exit with reason killed in context child_terminated
2015-06-24 14:27:17.421 [error] <0.83.0> Supervisor mc_w_sup had child mc_w started with {mc_w,start_link,undefined} at <0.342.0> exit with reason killed in context child_terminated
2015-06-24 14:27:17.422 [error] <0.83.0> Supervisor mc_w_sup had child mc_w started with {mc_w,start_link,undefined} at <0.345.0> exit with reason killed in context child_terminated
2015-06-24 14:27:17.422 [error] <0.83.0> Supervisor mc_w_sup had child mc_w started with {mc_w,start_link,undefined} at <0.348.0> exit with reason killed in context child_terminated
2015-06-24 14:27:17.424 [error] <0.83.0> Supervisor mc_w_sup had child mc_w started with {mc_w,start_link,undefined} at <0.351.0> exit with reason killed in context child_terminated
2015-06-24 14:27:17.425 [error] <0.83.0> Supervisor mc_w_sup had child mc_w started with {mc_w,start_link,undefined} at <0.354.0> exit with reason killed in context child_terminated
2015-06-24 14:27:17.425 [error] <0.83.0> Supervisor mc_w_sup had child mc_w started with {mc_w,start_link,undefined} at <0.357.0> exit with reason killed in context child_terminated
2015-06-24 14:27:17.425 [error] <0.83.0> Supervisor mc_w_sup had child mc_w started with {mc_w,start_link,undefined} at <0.360.0> exit with reason killed in context child_terminated
2015-06-24 14:27:17.432 [error] <0.83.0> Supervisor mc_w_sup had child mc_w started with {mc_w,start_link,undefined} at <0.363.0> exit with reason killed in context child_terminated
2015-06-24 14:27:17.432 [error] <0.83.0> Supervisor mc_w_sup had child mc_w started with {mc_w,start_link,undefined} at <0.366.0> exit with reason killed in context child_terminated
2015-06-24 14:27:17.434 [error] <0.83.0> Supervisor mc_w_sup had child mc_w started with {mc_w,start_link,undefined} at <0.369.0> exit with reason killed in context child_terminated
2015-06-24 14:27:17.434 [error] <0.83.0> Supervisor mc_w_sup had child mc_w started with {mc_w,start_link,undefined} at <0.372.0> exit with reason killed in context child_terminated
2015-06-24 14:27:17.434 [error] <0.83.0> Supervisor mc_w_sup had child mc_w started with {mc_w,start_link,undefined} at <0.375.0> exit with reason killed in context child_terminated
2015-06-24 14:27:17.438 [error] <0.83.0> Supervisor mc_w_sup had child mc_w started with {mc_w,start_link,undefined} at <0.378.0> exit with reason killed in context child_terminated
2015-06-24 14:27:17.479 [error] <0.83.0> Supervisor mc_w_sup had child mc_w started with {mc_w,start_link,undefined} at <0.381.0> exit with reason killed in context child_terminated
2015-06-24 14:27:17.488 [error] <0.83.0> Supervisor mc_w_sup had child mc_w started with {mc_w,start_link,undefined} at <0.384.0> exit with reason killed in context child_terminated
2015-06-24 14:27:17.488 [error] <0.83.0> Supervisor mc_w_sup had child mc_w started with {mc_w,start_link,undefined} at <0.387.0> exit with reason killed in context child_terminated
2015-06-24 14:27:17.488 [error] <0.83.0> Supervisor mc_w_sup had child mc_w started with {mc_w,start_link,undefined} at <0.390.0> exit with reason killed in context child_terminated
2015-06-24 14:27:17.488 [error] <0.83.0> Supervisor mc_w_sup had child mc_w started with {mc_w,start_link,undefined} at <0.393.0> exit with reason killed in context child_terminated
2015-06-24 14:27:17.488 [error] <0.83.0> Supervisor mc_w_sup had child mc_w started with {mc_w,start_link,undefined} at <0.396.0> exit with reason killed in context child_terminated
2015-06-24 14:27:17.489 [error] <0.83.0> Supervisor mc_w_sup had child mc_w started with {mc_w,start_link,undefined} at <0.399.0> exit with reason killed in context child_terminated
2015-06-24 14:27:17.489 [error] <0.83.0> Supervisor mc_w_sup had child mc_w started with {mc_w,start_link,undefined} at <0.402.0> exit with reason killed in context child_terminated
2015-06-24 14:27:17.490 [error] <0.83.0> Supervisor mc_w_sup had child mc_w started with {mc_w,start_link,undefined} at <0.405.0> exit with reason killed in context child_terminated
2015-06-24 14:27:17.490 [error] <0.83.0> Supervisor mc_w_sup had child mc_w started with {mc_w,start_link,undefined} at <0.408.0> exit with reason killed in context child_terminated
2015-06-24 14:27:17.490 [error] <0.83.0> Supervisor mc_w_sup had child mc_w started with {mc_w,start_link,undefined} at <0.411.0> exit with reason killed in context child_terminated
2015-06-24 14:27:17.490 [error] <0.83.0> Supervisor mc_w_sup had child mc_w started with {mc_w,start_link,undefined} at <0.414.0> exit with reason killed in context child_terminated
2015-06-24 14:27:17.491 [error] <0.83.0> Supervisor mc_w_sup had child mc_w started with {mc_w,start_link,undefined} at <0.417.0> exit with reason killed in context child_terminated
2015-06-24 14:27:17.491 [error] <0.83.0> Supervisor mc_w_sup had child mc_w started with {mc_w,start_link,undefined} at <0.420.0> exit with reason killed in context child_terminated
2015-06-24 14:27:17.492 [error] <0.83.0> Supervisor mc_w_sup had child mc_w started with {mc_w,start_link,undefined} at <0.423.0> exit with reason killed in context child_terminated
2015-06-24 14:27:17.492 [error] <0.83.0> Supervisor mc_w_sup had child mc_w started with {mc_w,start_link,undefined} at <0.426.0> exit with reason killed in context child_terminated
2015-06-24 14:27:17.492 [error] <0.83.0> Supervisor mc_w_sup had child mc_w started with {mc_w,start_link,undefined} at <0.429.0> exit with reason killed in context child_terminated
2015-06-24 14:27:17.493 [error] <0.83.0> Supervisor mc_w_sup had child mc_w started with {mc_w,start_link,undefined} at <0.432.0> exit with reason killed in context child_terminated
2015-06-24 14:27:17.493 [error] <0.83.0> Supervisor mc_w_sup had child mc_w started with {mc_w,start_link,undefined} at <0.435.0> exit with reason killed in context child_terminated
2015-06-24 14:27:17.493 [error] <0.83.0> Supervisor mc_w_sup had child mc_w started with {mc_w,start_link,undefined} at <0.438.0> exit with reason killed in context child_terminated
2015-06-24 14:27:17.494 [error] <0.83.0> Supervisor mc_w_sup had child mc_w started with {mc_w,start_link,undefined} at <0.441.0> exit with reason killed in context child_terminated
2015-06-24 14:27:17.494 [error] <0.83.0> Supervisor mc_w_sup had child mc_w started with {mc_w,start_link,undefined} at <0.444.0> exit with reason killed in context child_terminated
2015-06-24 14:27:17.500 [error] <0.83.0> Supervisor mc_w_sup had child mc_w started with {mc_w,start_link,undefined} at <0.447.0> exit with reason killed in context child_terminated
2015-06-24 14:27:17.501 [error] <0.83.0> Supervisor mc_w_sup had child mc_w started with {mc_w,start_link,undefined} at <0.450.0> exit with reason killed in context child_terminated
2015-06-24 14:27:17.501 [error] <0.83.0> Supervisor mc_w_sup had child mc_w started with {mc_w,start_link,undefined} at <0.453.0> exit with reason killed in context child_terminated
2015-06-24 14:27:17.503 [error] <0.83.0> Supervisor mc_w_sup had child mc_w started with {mc_w,start_link,undefined} at <0.456.0> exit with reason killed in context child_terminated
2015-06-24 14:27:17.504 [error] <0.83.0> Supervisor mc_w_sup had child mc_w started with {mc_w,start_link,undefined} at <0.459.0> exit with reason killed in context child_terminated
2015-06-24 14:27:17.504 [error] <0.83.0> Supervisor mc_w_sup had child mc_w started with {mc_w,start_link,undefined} at <0.462.0> exit with reason killed in context child_terminated
2015-06-24 14:27:17.504 [error] <0.83.0> Supervisor mc_w_sup had child mc_w started with {mc_w,start_link,undefined} at <0.465.0> exit with reason killed in context child_terminated
2015-06-24 14:27:17.504 [error] <0.83.0> Supervisor mc_w_sup had child mc_w started with {mc_w,start_link,undefined} at <0.468.0> exit with reason killed in context child_terminated
2015-06-24 14:27:17.563 [error] <0.83.0> Supervisor mc_w_sup had child mc_w started with {mc_w,start_link,undefined} at <0.471.0> exit with reason killed in context child_terminated
2015-06-24 14:27:17.563 [error] <0.83.0> Supervisor mc_w_sup had child mc_w started with {mc_w,start_link,undefined} at <0.474.0> exit with reason killed in context child_terminated
2015-06-24 14:27:17.563 [error] <0.83.0> Supervisor mc_w_sup had child mc_w started with {mc_w,start_link,undefined} at <0.477.0> exit with reason killed in context child_terminated
2015-06-24 14:27:17.563 [error] <0.83.0> Supervisor mc_w_sup had child mc_w started with {mc_w,start_link,undefined} at <0.480.0> exit with reason killed in context child_terminated
2015-06-24 14:27:17.563 [error] <0.83.0> Supervisor mc_w_sup had child mc_w started with {mc_w,start_link,undefined} at <0.483.0> exit with reason killed in context child_terminated
2015-06-24 14:27:17.564 [error] <0.83.0> Supervisor mc_w_sup had child mc_w started with {mc_w,start_link,undefined} at <0.486.0> exit with reason killed in context child_terminated
2015-06-24 14:27:17.565 [error] <0.83.0> Supervisor mc_w_sup had child mc_w started with {mc_w,start_link,undefined} at <0.489.0> exit with reason killed in context child_terminated
2015-06-24 14:27:17.565 [error] <0.83.0> Supervisor mc_w_sup had child mc_w started with {mc_w,start_link,undefined} at <0.492.0> exit with reason killed in context child_terminated
2015-06-24 14:27:17.566 [error] <0.83.0> Supervisor mc_w_sup had child mc_w started with {mc_w,start_link,undefined} at <0.495.0> exit with reason killed in context child_terminated
2015-06-24 14:27:17.566 [error] <0.83.0> Supervisor mc_w_sup had child mc_w started with {mc_w,start_link,undefined} at <0.498.0> exit with reason killed in context child_terminated
2015-06-24 14:27:17.566 [error] <0.83.0> Supervisor mc_w_sup had child mc_w started with {mc_w,start_link,undefined} at <0.501.0> exit with reason killed in context child_terminated
2015-06-24 14:27:17.573 [error] <0.83.0> Supervisor mc_w_sup had child mc_w started with {mc_w,start_link,undefined} at <0.504.0> exit with reason killed in context child_terminated
2015-06-24 14:27:17.574 [error] <0.83.0> Supervisor mc_w_sup had child mc_w started with {mc_w,start_link,undefined} at <0.507.0> exit with reason killed in context child_terminated
2015-06-24 14:27:17.574 [error] <0.83.0> Supervisor mc_w_sup had child mc_w started with {mc_w,start_link,undefined} at <0.510.0> exit with reason killed in context child_terminated
2015-06-24 14:27:17.574 [error] <0.83.0> Supervisor mc_w_sup had child mc_w started with {mc_w,start_link,undefined} at <0.513.0> exit with reason killed in context child_terminated
2015-06-24 14:27:17.574 [error] <0.83.0> Supervisor mc_w_sup had child mc_w started with {mc_w,start_link,undefined} at <0.516.0> exit with reason killed in context child_terminated
2015-06-24 14:27:17.575 [error] <0.83.0> Supervisor mc_w_sup had child mc_w started with {mc_w,start_link,undefined} at <0.519.0> exit with reason killed in context child_terminated
2015-06-24 14:27:17.579 [error] <0.83.0> Supervisor mc_w_sup had child mc_w started with {mc_w,start_link,undefined} at <0.522.0> exit with reason killed in context child_terminated
2015-06-24 14:27:17.579 [error] <0.83.0> Supervisor mc_w_sup had child mc_w started with {mc_w,start_link,undefined} at <0.525.0> exit with reason killed in context child_terminated
2015-06-24 14:27:17.579 [error] <0.83.0> Supervisor mc_w_sup had child mc_w started with {mc_w,start_link,undefined} at <0.528.0> exit with reason killed in context child_terminated
2015-06-24 14:27:17.580 [error] <0.83.0> Supervisor mc_w_sup had child mc_w started with {mc_w,start_link,undefined} at <0.531.0> exit with reason killed in context child_terminated
2015-06-24 14:27:17.580 [error] <0.83.0> Supervisor mc_w_sup had child mc_w started with {mc_w,start_link,undefined} at <0.534.0> exit with reason killed in context child_terminated
2015-06-24 14:27:17.580 [error] <0.83.0> Supervisor mc_w_sup had child mc_w started with {mc_w,start_link,undefined} at <0.537.0> exit with reason killed in context child_terminated
2015-06-24 14:27:17.581 [error] <0.83.0> Supervisor mc_w_sup had child mc_w started with {mc_w,start_link,undefined} at <0.540.0> exit with reason killed in context child_terminated
2015-06-24 14:27:17.581 [error] <0.83.0> Supervisor mc_w_sup had child mc_w started with {mc_w,start_link,undefined} at <0.543.0> exit with reason killed in context child_terminated
2015-06-24 14:27:17.581 [error] <0.83.0> Supervisor mc_w_sup had child mc_w started with {mc_w,start_link,undefined} at <0.546.0> exit with reason killed in context child_terminated
2015-06-24 14:27:17.583 [error] <0.83.0> Supervisor mc_w_sup had child mc_w started with {mc_w,start_link,undefined} at <0.549.0> exit with reason killed in context child_terminated
2015-06-24 14:27:17.584 [error] <0.83.0> Supervisor mc_w_sup had child mc_w started with {mc_w,start_link,undefined} at <0.552.0> exit with reason killed in context child_terminated
2015-06-24 14:33:57.629 [error] <0.83.0> Supervisor mc_w_sup had child mc_w started with {mc_w,start_link,undefined} at <0.585.0> exit with reason killed in context child_terminated
2015-06-24 14:33:57.629 [error] <0.83.0> Supervisor mc_w_sup had child mc_w started with {mc_w,start_link,undefined} at <0.588.0> exit with reason killed in context child_terminated
2015-06-24 14:33:57.629 [error] <0.83.0> Supervisor mc_w_sup had child mc_w started with {mc_w,start_link,undefined} at <0.591.0> exit with reason killed in context child_terminated
2015-06-24 14:33:57.629 [error] <0.83.0> Supervisor mc_w_sup had child mc_w started with {mc_w,start_link,undefined} at <0.594.0> exit with reason killed in context child_terminated
2015-06-24 14:33:57.629 [error] <0.83.0> Supervisor mc_w_sup had child mc_w started with {mc_w,start_link,undefined} at <0.597.0> exit with reason killed in context child_terminated
2015-06-24 19:21:47.770 [error] <0.78.0> CRASH REPORT Process <0.78.0> with 0 neighbours exited with reason: call to undefined function emcp_config:max_conn() in gen_server:init_it/6 line 330
2015-06-24 19:21:47.770 [error] <0.77.0> Supervisor emcp_sup had child mc_cp started with mc_cp:start_link() at undefined exit with reason call to undefined function emcp_config:max_conn() in context start_error
2015-06-24 19:21:47.771 [error] <0.36.0> CRASH REPORT Process <0.36.0> with 0 neighbours exited with reason: {{shutdown,{failed_to_start_child,mc_cp,{undef,[{emcp_config,max_conn,[],[]},{mc_cp,init,1,[{file,"src/mc_cp.erl"},{line,42}]},{gen_server,init_it,6,[{file,"gen_server.erl"},{line,306}]},{proc_lib,init_p_do_apply,3,[{file,"proc_lib.erl"},{line,237}]}]}}},{emcp_app,start,[normal,[]]}} in application_master:init/4 line 133
2015-06-24 19:24:18.318 [error] <0.93.0> CRASH REPORT Process <0.93.0> with 0 neighbours exited with reason: no match of right hand value nomatch in mc_cp:get_conn/0 line 30 in gen_server:init_it/6 line 330
2015-06-24 19:24:18.318 [error] <0.91.0> Supervisor mc_w_sup had child mc_w started with {mc_w,start_link,undefined} at <0.93.0> exit with reason no match of right hand value nomatch in mc_cp:get_conn/0 line 30 in context child_terminated
2015-06-24 19:24:18.319 [error] <0.92.0> CRASH REPORT Process <0.92.0> with 0 neighbours exited with reason: no match of right hand value {error,{{badmatch,nomatch},[{mc_cp,get_conn,0,[{file,"src/mc_cp.erl"},{line,30}]},{mc_w,init,1,[{file,"src/mc_w.erl"},{line,44}]},{gen_server,init_it,6,[{file,"gen_server.erl"},{line,306}]},{proc_lib,init_p_do_apply,3,[{file,"proc_lib.erl"},{line,237}]}]}} in mc_w_manager:loop_start_workers/2 line 144 in gen_server:init_it/6 line 330
2015-06-24 19:24:18.319 [error] <0.77.0> Supervisor emcp_sup had child mc_w_manager started with mc_w_manager:start_link() at undefined exit with reason no match of right hand value {error,{{badmatch,nomatch},[{mc_cp,get_conn,0,[{file,"src/mc_cp.erl"},{line,30}]},{mc_w,init,1,[{file,"src/mc_w.erl"},{line,44}]},{gen_server,init_it,6,[{file,"gen_server.erl"},{line,306}]},{proc_lib,init_p_do_apply,3,[{file,"proc_lib.erl"},{line,237}]}]}} in mc_w_manager:loop_start_workers/2 line 144 in context start_error
2015-06-24 19:24:18.323 [error] <0.36.0> CRASH REPORT Process <0.36.0> with 0 neighbours exited with reason: {{shutdown,{failed_to_start_child,mc_w_manager,{{badmatch,{error,{{badmatch,nomatch},[{mc_cp,get_conn,0,[{file,"src/mc_cp.erl"},{line,30}]},{mc_w,init,1,[{file,"src/mc_w.erl"},{line,44}]},{gen_server,init_it,6,[{file,"gen_server.erl"},{line,306}]},{proc_lib,init_p_do_apply,3,[{file,"proc_lib.erl"},{line,237}]}]}}},[{mc_w_manager,loop_start_workers,2,[{file,"src/mc_w_manager.erl"},{line,144}]},{mc_w_manager,init,1,[{file,"src/mc_w_manager.erl"},{line,51}]},{gen_server,init_it,6,[{file,"gen_..."},...]},...]}}},...} in application_master:init/4 line 133
2015-06-24 19:25:26.226 [error] <0.93.0> gen_server <0.93.0> terminated with reason: {{function_clause,[{gen,call,[{ok,<0.84.0>},'$gen_call',{query,false,false,false,false,<<"likes">>,0,0,{like_to,<<"1069601">>},{<<"author.uid">>,true}},infinity],[{file,"gen.erl"},{line,149}]},{gen_server,call,3,[{file,"gen_server.erl"},{line,186}]},{mc_connection_man,request_async,2,[{file,"src/connection/mc_connection_man.erl"},{line,23}]},{mc_action_man,read,2,[{file,"src/core/mc_action_man.erl"},{line,18}]},{mc_w,get_data,4,[{file,"src/mc_w.erl"},{line,110}]},{mc_w,handle_call,3,[{file,...},...]},...]},...} in gen_server:call/3 line 190
2015-06-24 19:25:26.226 [error] <0.93.0> CRASH REPORT Process <0.93.0> with 0 neighbours exited with reason: {{function_clause,[{gen,call,[{ok,<0.84.0>},'$gen_call',{query,false,false,false,false,<<"likes">>,0,0,{like_to,<<"1069601">>},{<<"author.uid">>,true}},infinity],[{file,"gen.erl"},{line,149}]},{gen_server,call,3,[{file,"gen_server.erl"},{line,186}]},{mc_connection_man,request_async,2,[{file,"src/connection/mc_connection_man.erl"},{line,23}]},{mc_action_man,read,2,[{file,"src/core/mc_action_man.erl"},{line,18}]},{mc_w,get_data,4,[{file,"src/mc_w.erl"},{line,110}]},{mc_w,handle_call,3,[{file,...},...]},...]},...} in gen_server:terminate/7 line 804
2015-06-24 19:25:26.228 [error] <0.91.0> Supervisor mc_w_sup had child mc_w started with {mc_w,start_link,undefined} at <0.93.0> exit with reason {{function_clause,[{gen,call,[{ok,<0.84.0>},'$gen_call',{query,false,false,false,false,<<"likes">>,0,0,{like_to,<<"1069601">>},{<<"author.uid">>,true}},infinity],[{file,"gen.erl"},{line,149}]},{gen_server,call,3,[{file,"gen_server.erl"},{line,186}]},{mc_connection_man,request_async,2,[{file,"src/connection/mc_connection_man.erl"},{line,23}]},{mc_action_man,read,2,[{file,"src/core/mc_action_man.erl"},{line,18}]},{mc_w,get_data,4,[{file,"src/mc_w.erl"},{line,110}]},{mc_w,handle_call,3,[{file,...},...]},...]},...} in context child_terminated
2015-06-24 20:17:25.374 [error] <0.93.0> gen_server <0.93.0> terminated with reason: {{function_clause,[{gen,call,[{ok,<0.84.0>},'$gen_call',{query,false,false,false,false,<<"likes">>,0,0,{like_to,<<"1069601">>},{<<"author.uid">>,true}},infinity],[{file,"gen.erl"},{line,149}]},{gen_server,call,3,[{file,"gen_server.erl"},{line,186}]},{mc_connection_man,request_async,2,[{file,"src/connection/mc_connection_man.erl"},{line,23}]},{mc_action_man,read,2,[{file,"src/core/mc_action_man.erl"},{line,18}]},{mc_w,get_data,4,[{file,"src/mc_w.erl"},{line,110}]},{mc_w,handle_call,3,[{file,...},...]},...]},...} in gen_server:call/3 line 190
2015-06-24 20:17:25.375 [error] <0.93.0> CRASH REPORT Process <0.93.0> with 0 neighbours exited with reason: {{function_clause,[{gen,call,[{ok,<0.84.0>},'$gen_call',{query,false,false,false,false,<<"likes">>,0,0,{like_to,<<"1069601">>},{<<"author.uid">>,true}},infinity],[{file,"gen.erl"},{line,149}]},{gen_server,call,3,[{file,"gen_server.erl"},{line,186}]},{mc_connection_man,request_async,2,[{file,"src/connection/mc_connection_man.erl"},{line,23}]},{mc_action_man,read,2,[{file,"src/core/mc_action_man.erl"},{line,18}]},{mc_w,get_data,4,[{file,"src/mc_w.erl"},{line,110}]},{mc_w,handle_call,3,[{file,...},...]},...]},...} in gen_server:terminate/7 line 804
2015-06-24 20:17:25.375 [error] <0.91.0> Supervisor mc_w_sup had child mc_w started with {mc_w,start_link,undefined} at <0.93.0> exit with reason {{function_clause,[{gen,call,[{ok,<0.84.0>},'$gen_call',{query,false,false,false,false,<<"likes">>,0,0,{like_to,<<"1069601">>},{<<"author.uid">>,true}},infinity],[{file,"gen.erl"},{line,149}]},{gen_server,call,3,[{file,"gen_server.erl"},{line,186}]},{mc_connection_man,request_async,2,[{file,"src/connection/mc_connection_man.erl"},{line,23}]},{mc_action_man,read,2,[{file,"src/core/mc_action_man.erl"},{line,18}]},{mc_w,get_data,4,[{file,"src/mc_w.erl"},{line,110}]},{mc_w,handle_call,3,[{file,...},...]},...]},...} in context child_terminated
2015-06-24 20:29:43.527 [error] <0.77.0> Supervisor emcp_sup had child mc_cp started with mc_cp:start_link() at <0.78.0> exit with reason killed in context child_terminated
2015-06-24 20:30:11.933 [error] <0.77.0> Supervisor emcp_sup had child mc_cp started with mc_cp:start_link() at <0.126.0> exit with reason killed in context child_terminated
2015-06-24 20:46:49.898 [error] <0.78.0> Supervisor mc_c_sup had child mongo started with {mongo,connect,undefined} at <0.80.0> exit with reason killed in context child_terminated
2015-06-25 10:52:42.805 [error] <0.80.0> CRASH REPORT Process <0.80.0> with 0 neighbours crashed with reason: no match of right hand value {error,econnrefused} in mc_worker:init/1 line 32
2015-06-25 10:52:42.805 [error] <0.79.0> CRASH REPORT Process <0.79.0> with 0 neighbours exited with reason: no match of right hand value {error,{badmatch,{error,econnrefused}}} in mc_c_manager:'-init/1-fun-0-'/1 line 53 in gen_server:init_it/6 line 330
2015-06-25 10:52:42.805 [error] <0.77.0> Supervisor emcp_sup had child mc_c_manager started with mc_c_manager:start_link() at undefined exit with reason no match of right hand value {error,{badmatch,{error,econnrefused}}} in mc_c_manager:'-init/1-fun-0-'/1 line 53 in context start_error
2015-06-25 10:52:42.806 [error] <0.36.0> CRASH REPORT Process <0.36.0> with 0 neighbours exited with reason: {{shutdown,{failed_to_start_child,mc_c_manager,{{badmatch,{error,{badmatch,{error,econnrefused}}}},[{mc_c_manager,'-init/1-fun-0-',1,[{file,"src/mc_c_manager.erl"},{line,53}]},{lists,foreach,2,[{file,"lists.erl"},{line,1336}]},{mc_c_manager,init,1,[{file,"src/mc_c_manager.erl"},{line,56}]},{gen_server,init_it,6,[{file,"gen_server.erl"},{line,306}]},{proc_lib,init_p_do_apply,3,[{file,"proc_lib.erl"},{line,237}]}]}}},{emcp_app,start,[normal,[]]}} in application_master:init/4 line 133
2015-06-25 10:52:58.644 [error] <0.89.0> gen_server mc_c_manager terminated with reason: bad arithmetic expression in mc_c_manager:handle_call/3 line 61
2015-06-25 10:52:58.644 [error] <0.89.0> CRASH REPORT Process mc_c_manager with 0 neighbours exited with reason: bad arithmetic expression in mc_c_manager:handle_call/3 line 61 in gen_server:terminate/7 line 804
2015-06-25 10:52:58.644 [error] <0.102.0> CRASH REPORT Process <0.102.0> with 0 neighbours exited with reason: {{badarith,[{mc_c_manager,handle_call,3,[{file,"src/mc_c_manager.erl"},{line,61}]},{gen_server,try_handle_call,4,[{file,"gen_server.erl"},{line,607}]},{gen_server,handle_msg,5,[{file,"gen_server.erl"},{line,639}]},{proc_lib,init_p_do_apply,3,[{file,"proc_lib.erl"},{line,237}]}]},{gen_server,call,[mc_c_manager,index]}} in gen_server:init_it/6 line 330
2015-06-25 10:52:58.645 [error] <0.100.0> Supervisor mc_w_sup had child mc_w started with {mc_w,start_link,undefined} at <0.102.0> exit with reason {{badarith,[{mc_c_manager,handle_call,3,[{file,"src/mc_c_manager.erl"},{line,61}]},{gen_server,try_handle_call,4,[{file,"gen_server.erl"},{line,607}]},{gen_server,handle_msg,5,[{file,"gen_server.erl"},{line,639}]},{proc_lib,init_p_do_apply,3,[{file,"proc_lib.erl"},{line,237}]}]},{gen_server,call,[mc_c_manager,index]}} in context child_terminated
2015-06-25 10:52:58.645 [error] <0.101.0> CRASH REPORT Process <0.101.0> with 0 neighbours exited with reason: no match of right hand value {error,{{badarith,[{mc_c_manager,handle_call,3,[{file,"src/mc_c_manager.erl"},{line,61}]},{gen_server,try_handle_call,4,[{file,"gen_server.erl"},{line,607}]},{gen_server,handle_msg,5,[{file,"gen_server.erl"},{line,639}]},{proc_lib,init_p_do_apply,3,[{file,"proc_lib.erl"},{line,237}]}]},{gen_server,call,[mc_c_manager,index]}}} in mc_w_manager:loop_start_workers/2 line 144 in gen_server:init_it/6 line 330
2015-06-25 10:52:58.646 [error] <0.87.0> Supervisor emcp_sup had child mc_w_manager started with mc_w_manager:start_link() at undefined exit with reason no match of right hand value {error,{{badarith,[{mc_c_manager,handle_call,3,[{file,"src/mc_c_manager.erl"},{line,61}]},{gen_server,try_handle_call,4,[{file,"gen_server.erl"},{line,607}]},{gen_server,handle_msg,5,[{file,"gen_server.erl"},{line,639}]},{proc_lib,init_p_do_apply,3,[{file,"proc_lib.erl"},{line,237}]}]},{gen_server,call,[mc_c_manager,index]}}} in mc_w_manager:loop_start_workers/2 line 144 in context start_error
2015-06-25 10:52:58.649 [error] <0.87.0> Supervisor emcp_sup had child mc_c_manager started with mc_c_manager:start_link() at <0.89.0> exit with reason bad arithmetic expression in mc_c_manager:handle_call/3 line 61 in context shutdown_error
2015-06-25 10:52:58.651 [error] <0.85.0> CRASH REPORT Process <0.85.0> with 0 neighbours exited with reason: {{shutdown,{failed_to_start_child,mc_w_manager,{{badmatch,{error,{{badarith,[{mc_c_manager,handle_call,3,[{file,"src/mc_c_manager.erl"},{line,61}]},{gen_server,try_handle_call,4,[{file,"gen_server.erl"},{line,607}]},{gen_server,handle_msg,5,[{file,"gen_server.erl"},{line,639}]},{proc_lib,init_p_do_apply,3,[{file,"proc_lib.erl"},{line,237}]}]},{gen_server,call,[mc_c_manager,index]}}}},[{mc_w_manager,loop_start_workers,2,[{file,"src/mc_w_manager.erl"},{line,144}]},{mc_w_manager,init,1,[{file,...},...]},...]}}},...} in application_master:init/4 line 133
2015-06-25 10:53:00.186 [error] <0.109.0> gen_server mc_c_manager terminated with reason: bad arithmetic expression in mc_c_manager:handle_call/3 line 61
2015-06-25 10:53:00.186 [error] <0.109.0> CRASH REPORT Process mc_c_manager with 0 neighbours exited with reason: bad arithmetic expression in mc_c_manager:handle_call/3 line 61 in gen_server:terminate/7 line 804
2015-06-25 10:53:00.186 [error] <0.122.0> CRASH REPORT Process <0.122.0> with 0 neighbours exited with reason: {{badarith,[{mc_c_manager,handle_call,3,[{file,"src/mc_c_manager.erl"},{line,61}]},{gen_server,try_handle_call,4,[{file,"gen_server.erl"},{line,607}]},{gen_server,handle_msg,5,[{file,"gen_server.erl"},{line,639}]},{proc_lib,init_p_do_apply,3,[{file,"proc_lib.erl"},{line,237}]}]},{gen_server,call,[mc_c_manager,index]}} in gen_server:init_it/6 line 330
2015-06-25 10:53:00.188 [error] <0.120.0> Supervisor mc_w_sup had child mc_w started with {mc_w,start_link,undefined} at <0.122.0> exit with reason {{badarith,[{mc_c_manager,handle_call,3,[{file,"src/mc_c_manager.erl"},{line,61}]},{gen_server,try_handle_call,4,[{file,"gen_server.erl"},{line,607}]},{gen_server,handle_msg,5,[{file,"gen_server.erl"},{line,639}]},{proc_lib,init_p_do_apply,3,[{file,"proc_lib.erl"},{line,237}]}]},{gen_server,call,[mc_c_manager,index]}} in context child_terminated
2015-06-25 10:53:00.189 [error] <0.121.0> CRASH REPORT Process <0.121.0> with 0 neighbours exited with reason: no match of right hand value {error,{{badarith,[{mc_c_manager,handle_call,3,[{file,"src/mc_c_manager.erl"},{line,61}]},{gen_server,try_handle_call,4,[{file,"gen_server.erl"},{line,607}]},{gen_server,handle_msg,5,[{file,"gen_server.erl"},{line,639}]},{proc_lib,init_p_do_apply,3,[{file,"proc_lib.erl"},{line,237}]}]},{gen_server,call,[mc_c_manager,index]}}} in mc_w_manager:loop_start_workers/2 line 144 in gen_server:init_it/6 line 330
2015-06-25 10:53:00.192 [error] <0.107.0> Supervisor emcp_sup had child mc_w_manager started with mc_w_manager:start_link() at undefined exit with reason no match of right hand value {error,{{badarith,[{mc_c_manager,handle_call,3,[{file,"src/mc_c_manager.erl"},{line,61}]},{gen_server,try_handle_call,4,[{file,"gen_server.erl"},{line,607}]},{gen_server,handle_msg,5,[{file,"gen_server.erl"},{line,639}]},{proc_lib,init_p_do_apply,3,[{file,"proc_lib.erl"},{line,237}]}]},{gen_server,call,[mc_c_manager,index]}}} in mc_w_manager:loop_start_workers/2 line 144 in context start_error
2015-06-25 10:53:00.194 [error] <0.107.0> Supervisor emcp_sup had child mc_c_manager started with mc_c_manager:start_link() at <0.109.0> exit with reason bad arithmetic expression in mc_c_manager:handle_call/3 line 61 in context shutdown_error
2015-06-25 10:53:00.195 [error] <0.105.0> CRASH REPORT Process <0.105.0> with 0 neighbours exited with reason: {{shutdown,{failed_to_start_child,mc_w_manager,{{badmatch,{error,{{badarith,[{mc_c_manager,handle_call,3,[{file,"src/mc_c_manager.erl"},{line,61}]},{gen_server,try_handle_call,4,[{file,"gen_server.erl"},{line,607}]},{gen_server,handle_msg,5,[{file,"gen_server.erl"},{line,639}]},{proc_lib,init_p_do_apply,3,[{file,"proc_lib.erl"},{line,237}]}]},{gen_server,call,[mc_c_manager,index]}}}},[{mc_w_manager,loop_start_workers,2,[{file,"src/mc_w_manager.erl"},{line,144}]},{mc_w_manager,init,1,[{file,...},...]},...]}}},...} in application_master:init/4 line 133
